Looking for config aliase: PF_ENGINE_PUBLIC_HOSTNAME:PF_ENGINE_PUBLIC_PORT, administrativeAccounts_items_Administrator_password
Path: 
Path: _metadata
Path: configStore
Path: configStore_items_allowedHeaders
Path: configStore_items_allowedMethods
Path: configStore
Path: configStore
Path: configStore_items_evaluateExpressions
Path: configStore
Path: configStore_items_PingFederateDSJNDIName
Path: configStore_items_SearchBase
Path: configStore
Path: configStore_items_MigrationComplete8.4
Path: configStore
Path: configStore_items_base64_required_plugins
Path: configStore
Path: configStore_items_PingFederateDSJNDIName
Path: configStore_items_SearchBase
Path: configStore
Path: configStore_items_isEaRoleUpdated
Path: configStore
Path: configStore_items_partner.cert.migration.complete
Path: configStore
Path: configStore_items_AllowedTrackedParams
Path: configStore
Path: configStore_items_MigrationComplete8.4
Path: configStore
Path: configStore_items_AccountLinkDataAttribute
Path: configStore_items_PingFederateDSJNDIName
Path: configStore_items_UserSearchBase
Path: configStore_items_UsernameAttribute
Path: configStore
Path: configStore_items_entropy
Path: configStore
Path: configStore
Path: configStore_items_PingFederateDSJNDIName
Path: configStore_items_SearchBase
Path: configStore
Path: configStore
Path: configStore_items_4961444dd0f96066cc3c2dd1c0ce24962e5e415ccea2e06a2cde455fa8633d7b
Path: configStore
Path: configStore
Path: configStore
Path: configStore_items_X_Frame_Options
Path: configStore_items_X_Frame_Options_mapValue
Path: license_agreement
Path: license_agreement_items
Path: certificates_ca
Path: certificates_ca_items_50z1hm968rdu2irr31i5ridbh
Looking for config aliase: certificates_ca_items_50z1hm968rdu2irr31i5ridbh_50z1hm968rdu2irr31i5ridbh_fileData, administrativeAccounts_items_Administrator_password
Path: keyPairs_sslServer
Path: keyPairs_sslServer_items_sslservercert
Looking for config aliase: keyPairs_sslServer_items_sslservercert_sslservercert_fileData, administrativeAccounts_items_Administrator_password
Path: keyPairs_sslServer_settings
Path: keyPairs_sslServer_settings_items
Path: keyPairs_sslServer_settings_items_activeRuntimeServerCerts_sslservercert
Path: keyPairs_sslServer_settings_items_activeAdminConsoleCerts_sslservercert
Path: keyPairs_sslServer_settings_items_adminConsoleCertRef_sslservercert
Path: keyPairs_sslServer_settings_items_runtimeServerCertRef_sslservercert
Path: keyPairs_signing
Path: keyPairs_signing_items_devsigningcert
Looking for config aliase: keyPairs_signing_items_devsigningcert_devsigningcert_fileData, administrativeAccounts_items_Administrator_password
Path: keyPairs_oauthOpenIdConnect
Path: keyPairs_oauthOpenIdConnect_items
Path: dataStores
Path: dataStores_items_LDAP_D803C87FAB2ADFB4B0A947B64BA6F0C6093A5CA3
Path: dataStores_items_LDAP_D803C87FAB2ADFB4B0A947B64BA6F0C6093A5CA3_hostnamesTags
Path: dataStores_items_ProvisionerDS
Path: dataStores_items_ProvisionerDS_connectionUrlTags
Path: notificationPublishers_settings
Path: notificationPublishers_settings_items
Path: serverSettings
Path: serverSettings_items
Path: serverSettings_items_federationInfo
Path: serverSettings_items_contactInfo
Path: serverSettings_items_rolesAndProtocols
Path: serverSettings_items_rolesAndProtocols_oauthRole
Path: serverSettings_items_rolesAndProtocols_spRole
Path: serverSettings_items_rolesAndProtocols_spRole_saml20Profile
Path: serverSettings_items_rolesAndProtocols_idpRole
Path: serverSettings_items_rolesAndProtocols_idpRole_saml20Profile
Path: serverSettings_items_notifications
Path: serverSettings_systemKeys
Path: serverSettings_systemKeys_items
Path: serverSettings_systemKeys_items_current
Path: serverSettings_systemKeys_items_pending
Path: serverSettings_outboundProvisioning
Path: serverSettings_outboundProvisioning_items
Path: serverSettings_outboundProvisioning_items_dataStoreRef_
Path: administrativeAccounts
Path: administrativeAccounts_items
Path: certificates_revocation_settings
Path: certificates_revocation_settings_items
Path: certificates_revocation_settings_items_crlSettings
Path: virtualHostNames
Path: virtualHostNames_items
Path: redirectValidation
Path: redirectValidation_items
Path: redirectValidation_items_redirectValidationLocalSettings
Path: redirectValidation_items_redirectValidationPartnerSettings
Path: incomingProxySettings
Path: incomingProxySettings_items
Path: protocolMetadata_lifetimeSettings
Path: protocolMetadata_lifetimeSettings_items
Path: protocolMetadata_signingSettings
Path: protocolMetadata_signingSettings_items
Path: serviceAuthentication
Path: serviceAuthentication_items
Path: authenticationPolicyContracts
Path: authenticationPolicyContracts_items_Zxp6N6W5PH9onACT
Path: authenticationPolicyContracts_items_Zxp6N6W5PH9onACT_coreAttributes
Path: authenticationPolicyContracts_items_Zxp6N6W5PH9onACT_extendedAttributes
Path: passwordCredentialValidators
Path: passwordCredentialValidators_items_pingdirectory
Path: passwordCredentialValidators_items_pingdirectory_configuration
Path: passwordCredentialValidators_items_pingdirectory_configuration_tables
Path: passwordCredentialValidators_items_pingdirectory_configuration_fields
Path: passwordCredentialValidators_items_pingdirectory_configuration_fields
Path: passwordCredentialValidators_items_pingdirectory_configuration_fields
Path: passwordCredentialValidators_items_pingdirectory_configuration_fields
Path: passwordCredentialValidators_items_pingdirectory_configuration_fields
Path: passwordCredentialValidators_items_pingdirectory_configuration_fields
Path: passwordCredentialValidators_items_pingdirectory_configuration_fields
Path: passwordCredentialValidators_items_pingdirectory_configuration_fields
Path: passwordCredentialValidators_items_pingdirectory_configuration_fields
Path: passwordCredentialValidators_items_pingdirectory_configuration_fields
Path: passwordCredentialValidators_items_pingdirectory_configuration_fields
Path: passwordCredentialValidators_items_pingdirectory_configuration_fields
Path: passwordCredentialValidators_items_pingdirectory_pluginDescriptorRef_org.sourceid.saml20.domain.LDAPUsernamePasswordCredentialValidator
Path: passwordCredentialValidators_items_pingdirectory_attributeContract
Path: passwordCredentialValidators_items_pingdirectory_attributeContract_coreAttributes
Path: passwordCredentialValidators_items_pingdirectory_attributeContract_coreAttributes
Path: passwordCredentialValidators_items_pingdirectory_attributeContract_coreAttributes
Path: passwordCredentialValidators_items_pingdirectory_attributeContract_coreAttributes
Path: passwordCredentialValidators_items_pingdirectory_attributeContract_extendedAttributes
Path: passwordCredentialValidators_items_simple
Path: passwordCredentialValidators_items_simple_configuration
Path: passwordCredentialValidators_items_simple_configuration_tables
Path: passwordCredentialValidators_items_simple_configuration_tables_rows
Path: passwordCredentialValidators_items_simple_configuration_tables_rows_fields
Path: passwordCredentialValidators_items_simple_configuration_tables_rows_fields
Path: passwordCredentialValidators_items_simple_configuration_tables_rows_fields
Path: passwordCredentialValidators_items_simple_configuration_tables_rows_fields
Path: passwordCredentialValidators_items_simple_pluginDescriptorRef_org.sourceid.saml20.domain.SimpleUsernamePasswordCredentialValidator
Path: passwordCredentialValidators_items_simple_attributeContract
Path: passwordCredentialValidators_items_simple_attributeContract_coreAttributes
Path: localIdentity_identityProfiles
Path: localIdentity_identityProfiles_items_RBSQIwi5KWYN9ZGK
Path: localIdentity_identityProfiles_items_RBSQIwi5KWYN9ZGK_registrationConfig
Path: localIdentity_identityProfiles_items_RBSQIwi5KWYN9ZGK_apcId_Zxp6N6W5PH9onACT
Path: localIdentity_identityProfiles_items_RBSQIwi5KWYN9ZGK_fieldConfig
Path: localIdentity_identityProfiles_items_RBSQIwi5KWYN9ZGK_fieldConfig_fields_mail
Path: localIdentity_identityProfiles_items_RBSQIwi5KWYN9ZGK_fieldConfig_fields_mail_attributes
Path: localIdentity_identityProfiles_items_RBSQIwi5KWYN9ZGK_fieldConfig_fields_cn
Path: localIdentity_identityProfiles_items_RBSQIwi5KWYN9ZGK_fieldConfig_fields_cn_attributes
Path: localIdentity_identityProfiles_items_RBSQIwi5KWYN9ZGK_fieldConfig_fields_sn
Path: localIdentity_identityProfiles_items_RBSQIwi5KWYN9ZGK_fieldConfig_fields_sn_attributes
Path: localIdentity_identityProfiles_items_RBSQIwi5KWYN9ZGK_fieldConfig_fields_entryUUID
Path: localIdentity_identityProfiles_items_RBSQIwi5KWYN9ZGK_fieldConfig_fields_entryUUID_attributes
Path: localIdentity_identityProfiles_items_RBSQIwi5KWYN9ZGK_fieldConfig_fields_uid
Path: localIdentity_identityProfiles_items_RBSQIwi5KWYN9ZGK_fieldConfig_fields_uid_attributes
Path: localIdentity_identityProfiles_items_RBSQIwi5KWYN9ZGK_authSourceUpdatePolicy
Path: localIdentity_identityProfiles_items_RBSQIwi5KWYN9ZGK_profileConfig
Path: localIdentity_identityProfiles_items_RBSQIwi5KWYN9ZGK_emailVerificationConfig
Path: localIdentity_identityProfiles_items_RBSQIwi5KWYN9ZGK_dataStoreConfig
Path: localIdentity_identityProfiles_items_RBSQIwi5KWYN9ZGK_dataStoreConfig_dataStoreRef_LDAP_D803C87FAB2ADFB4B0A947B64BA6F0C6093A5CA3
Path: localIdentity_identityProfiles_items_RBSQIwi5KWYN9ZGK_dataStoreConfig_dataStoreMapping
Path: localIdentity_identityProfiles_items_RBSQIwi5KWYN9ZGK_dataStoreConfig_dataStoreMapping_entryUUID
Path: localIdentity_identityProfiles_items_RBSQIwi5KWYN9ZGK_dataStoreConfig_dataStoreMapping_entryUUID_metadata
Path: localIdentity_identityProfiles_items_RBSQIwi5KWYN9ZGK_dataStoreConfig_dataStoreMapping_uid
Path: localIdentity_identityProfiles_items_RBSQIwi5KWYN9ZGK_dataStoreConfig_dataStoreMapping_uid_metadata
Path: localIdentity_identityProfiles_items_RBSQIwi5KWYN9ZGK_dataStoreConfig_dataStoreMapping_mail
Path: localIdentity_identityProfiles_items_RBSQIwi5KWYN9ZGK_dataStoreConfig_dataStoreMapping_mail_metadata
Path: localIdentity_identityProfiles_items_RBSQIwi5KWYN9ZGK_dataStoreConfig_dataStoreMapping_cn
Path: localIdentity_identityProfiles_items_RBSQIwi5KWYN9ZGK_dataStoreConfig_dataStoreMapping_cn_metadata
Path: localIdentity_identityProfiles_items_RBSQIwi5KWYN9ZGK_dataStoreConfig_dataStoreMapping_sn
Path: localIdentity_identityProfiles_items_RBSQIwi5KWYN9ZGK_dataStoreConfig_dataStoreMapping_sn_metadata
Path: oauth_accessTokenManagers
Path: oauth_accessTokenManagers_items_jwt
Path: oauth_accessTokenManagers_items_jwt_sessionValidationSettings
Path: oauth_accessTokenManagers_items_jwt_configuration
Path: oauth_accessTokenManagers_items_jwt_configuration_tables
Path: oauth_accessTokenManagers_items_jwt_configuration_tables
Path: oauth_accessTokenManagers_items_jwt_configuration_tables_rows
Path: oauth_accessTokenManagers_items_jwt_configuration_tables_rows_fields
Path: oauth_accessTokenManagers_items_jwt_configuration_tables_rows_fields
Path: oauth_accessTokenManagers_items_jwt_configuration_fields
Path: oauth_accessTokenManagers_items_jwt_configuration_fields
Path: oauth_accessTokenManagers_items_jwt_configuration_fields
Path: oauth_accessTokenManagers_items_jwt_configuration_fields
Path: oauth_accessTokenManagers_items_jwt_configuration_fields
Path: oauth_accessTokenManagers_items_jwt_configuration_fields
Path: oauth_accessTokenManagers_items_jwt_configuration_fields
Path: oauth_accessTokenManagers_items_jwt_configuration_fields
Path: oauth_accessTokenManagers_items_jwt_configuration_fields
Path: oauth_accessTokenManagers_items_jwt_configuration_fields
Path: oauth_accessTokenManagers_items_jwt_configuration_fields
Path: oauth_accessTokenManagers_items_jwt_configuration_fields
Path: oauth_accessTokenManagers_items_jwt_configuration_fields
Path: oauth_accessTokenManagers_items_jwt_configuration_fields
Path: oauth_accessTokenManagers_items_jwt_configuration_fields
Path: oauth_accessTokenManagers_items_jwt_configuration_fields
Path: oauth_accessTokenManagers_items_jwt_configuration_fields
Path: oauth_accessTokenManagers_items_jwt_configuration_fields
Path: oauth_accessTokenManagers_items_jwt_configuration_fields
Path: oauth_accessTokenManagers_items_jwt_configuration_fields
Path: oauth_accessTokenManagers_items_jwt_configuration_fields
Path: oauth_accessTokenManagers_items_jwt_configuration_fields
Path: oauth_accessTokenManagers_items_jwt_configuration_fields
Path: oauth_accessTokenManagers_items_jwt_configuration_fields
Path: oauth_accessTokenManagers_items_jwt_configuration_fields
Path: oauth_accessTokenManagers_items_jwt_pluginDescriptorRef_com.pingidentity.pf.access.token.management.plugins.JwtBearerAccessTokenManagementPlugin
Path: oauth_accessTokenManagers_items_jwt_accessControlSettings
Path: oauth_accessTokenManagers_items_jwt_attributeContract
Path: oauth_accessTokenManagers_items_jwt_attributeContract_extendedAttributes
Path: oauth_accessTokenManagers_items_jwt_attributeContract_extendedAttributes
Path: oauth_accessTokenManagers_items_jwt_selectionSettings
Path: oauth_accessTokenManagers_settings
Path: oauth_accessTokenManagers_settings_items
Path: oauth_accessTokenManagers_settings_items_defaultAccessTokenManagerRef_jwt
Path: kerberos_realms_settings
Path: kerberos_realms_settings_items
Path: idp_adapters
Path: idp_adapters_items_HTMLFormPD
Path: idp_adapters_items_HTMLFormPD_attributeMapping
Path: idp_adapters_items_HTMLFormPD_attributeMapping_attributeContractFulfillment
Path: idp_adapters_items_HTMLFormPD_attributeMapping_attributeContractFulfillment_entryUUID
Path: idp_adapters_items_HTMLFormPD_attributeMapping_attributeContractFulfillment_entryUUID_source
Path: idp_adapters_items_HTMLFormPD_attributeMapping_attributeContractFulfillment_policy.action
Path: idp_adapters_items_HTMLFormPD_attributeMapping_attributeContractFulfillment_policy.action_source
Path: idp_adapters_items_HTMLFormPD_attributeMapping_attributeContractFulfillment_username
Path: idp_adapters_items_HTMLFormPD_attributeMapping_attributeContractFulfillment_username_source
Path: idp_adapters_items_HTMLFormPD_attributeMapping_issuanceCriteria
Path: idp_adapters_items_HTMLFormPD_configuration
Path: idp_adapters_items_HTMLFormPD_configuration_tables
Path: idp_adapters_items_HTMLFormPD_configuration_tables_rows
Path: idp_adapters_items_HTMLFormPD_configuration_tables_rows_fields
Path: idp_adapters_items_HTMLFormPD_configuration_fields
Path: idp_adapters_items_HTMLFormPD_configuration_fields
Path: idp_adapters_items_HTMLFormPD_configuration_fields
Path: idp_adapters_items_HTMLFormPD_configuration_fields
Path: idp_adapters_items_HTMLFormPD_configuration_fields
Path: idp_adapters_items_HTMLFormPD_configuration_fields
Path: idp_adapters_items_HTMLFormPD_configuration_fields
Path: idp_adapters_items_HTMLFormPD_configuration_fields
Path: idp_adapters_items_HTMLFormPD_configuration_fields
Path: idp_adapters_items_HTMLFormPD_configuration_fields
Path: idp_adapters_items_HTMLFormPD_configuration_fields
Path: idp_adapters_items_HTMLFormPD_configuration_fields
Path: idp_adapters_items_HTMLFormPD_configuration_fields
Path: idp_adapters_items_HTMLFormPD_configuration_fields
Path: idp_adapters_items_HTMLFormPD_configuration_fields
Path: idp_adapters_items_HTMLFormPD_configuration_fields
Path: idp_adapters_items_HTMLFormPD_configuration_fields
Path: idp_adapters_items_HTMLFormPD_configuration_fields
Path: idp_adapters_items_HTMLFormPD_configuration_fields
Path: idp_adapters_items_HTMLFormPD_configuration_fields
Path: idp_adapters_items_HTMLFormPD_configuration_fields
Path: idp_adapters_items_HTMLFormPD_configuration_fields
Path: idp_adapters_items_HTMLFormPD_configuration_fields
Path: idp_adapters_items_HTMLFormPD_configuration_fields
Path: idp_adapters_items_HTMLFormPD_configuration_fields
Path: idp_adapters_items_HTMLFormPD_configuration_fields
Path: idp_adapters_items_HTMLFormPD_configuration_fields
Path: idp_adapters_items_HTMLFormPD_configuration_fields
Path: idp_adapters_items_HTMLFormPD_configuration_fields
Path: idp_adapters_items_HTMLFormPD_configuration_fields
Path: idp_adapters_items_HTMLFormPD_configuration_fields
Path: idp_adapters_items_HTMLFormPD_configuration_fields
Path: idp_adapters_items_HTMLFormPD_configuration_fields
Path: idp_adapters_items_HTMLFormPD_configuration_fields
Path: idp_adapters_items_HTMLFormPD_configuration_fields
Path: idp_adapters_items_HTMLFormPD_configuration_fields
Path: idp_adapters_items_HTMLFormPD_configuration_fields
Path: idp_adapters_items_HTMLFormPD_configuration_fields
Path: idp_adapters_items_HTMLFormPD_configuration_fields
Path: idp_adapters_items_HTMLFormPD_configuration_fields
Looking for config aliase: idp_adapters_items_HTMLFormPD_configuration_fields_PingID_Properties_value, administrativeAccounts_items_Administrator_password
Path: idp_adapters_items_HTMLFormPD_configuration_fields
Path: idp_adapters_items_HTMLFormPD_configuration_fields
Path: idp_adapters_items_HTMLFormPD_configuration_fields
Path: idp_adapters_items_HTMLFormPD_configuration_fields
Path: idp_adapters_items_HTMLFormPD_configuration_fields
Path: idp_adapters_items_HTMLFormPD_configuration_fields
Path: idp_adapters_items_HTMLFormPD_configuration_fields
Path: idp_adapters_items_HTMLFormPD_configuration_fields
Path: idp_adapters_items_HTMLFormPD_pluginDescriptorRef_com.pingidentity.adapters.htmlform.idp.HtmlFormIdpAuthnAdapter
Path: idp_adapters_items_HTMLFormPD_attributeContract
Path: idp_adapters_items_HTMLFormPD_attributeContract_coreAttributes
Path: idp_adapters_items_HTMLFormPD_attributeContract_coreAttributes
Path: idp_adapters_items_HTMLFormPD_attributeContract_extendedAttributes
Path: idp_tokenProcessors
Path: idp_tokenProcessors_items_UsernameTokenProcessor
Path: idp_tokenProcessors_items_UsernameTokenProcessor_configuration
Path: idp_tokenProcessors_items_UsernameTokenProcessor_configuration_tables
Path: idp_tokenProcessors_items_UsernameTokenProcessor_configuration_tables_rows
Path: idp_tokenProcessors_items_UsernameTokenProcessor_configuration_tables_rows_fields
Path: idp_tokenProcessors_items_UsernameTokenProcessor_configuration_tables_rows
Path: idp_tokenProcessors_items_UsernameTokenProcessor_configuration_tables_rows_fields
Path: idp_tokenProcessors_items_UsernameTokenProcessor_configuration_fields
Path: idp_tokenProcessors_items_UsernameTokenProcessor_pluginDescriptorRef_com.pingidentity.pf.tokenprocessors.username.UsernameTokenProcessor
Path: idp_tokenProcessors_items_UsernameTokenProcessor_attributeContract
Path: idp_tokenProcessors_items_UsernameTokenProcessor_attributeContract_coreAttributes
Path: idp_defaultUrls
Path: idp_defaultUrls_items
Path: sp_defaultUrls
Path: sp_defaultUrls_items
Path: sp_idpConnections
Path: sp_idpConnections_items_aLGfLX1_K4VP6a3uGh33YOuZodG
Path: sp_idpConnections_items_aLGfLX1_K4VP6a3uGh33YOuZodG_contactInfo
Path: sp_idpConnections_items_aLGfLX1_K4VP6a3uGh33YOuZodG_credentials
Path: sp_idpConnections_items_aLGfLX1_K4VP6a3uGh33YOuZodG_credentials_certs
Path: sp_idpConnections_items_aLGfLX1_K4VP6a3uGh33YOuZodG_credentials_certs_certView_a5kvb66kyxbmdfwp506gijvn6
Path: sp_idpConnections_items_aLGfLX1_K4VP6a3uGh33YOuZodG_credentials_certs_x509File_a5kvb66kyxbmdfwp506gijvn6
Looking for config aliase: sp_idpConnections_items_aLGfLX1_K4VP6a3uGh33YOuZodG_credentials_certs_x509File_a5kvb66kyxbmdfwp506gijvn6_a5kvb66kyxbmdfwp506gijvn6_fileData, administrativeAccounts_items_Administrator_password
Path: sp_idpConnections_items_aLGfLX1_K4VP6a3uGh33YOuZodG_idpOAuthGrantAttributeMapping
Path: sp_idpConnections_items_aLGfLX1_K4VP6a3uGh33YOuZodG_idpOAuthGrantAttributeMapping_idpOAuthAttributeContract
Path: sp_idpConnections_items_aLGfLX1_K4VP6a3uGh33YOuZodG_idpOAuthGrantAttributeMapping_idpOAuthAttributeContract_coreAttributes
Path: sp_idpConnections_items_aLGfLX1_K4VP6a3uGh33YOuZodG_idpOAuthGrantAttributeMapping_accessTokenManagerMappings
Path: sp_idpConnections_items_aLGfLX1_K4VP6a3uGh33YOuZodG_idpOAuthGrantAttributeMapping_accessTokenManagerMappings_attributeContractFulfillment
Path: sp_idpConnections_items_aLGfLX1_K4VP6a3uGh33YOuZodG_idpOAuthGrantAttributeMapping_accessTokenManagerMappings_attributeContractFulfillment_Username
Path: sp_idpConnections_items_aLGfLX1_K4VP6a3uGh33YOuZodG_idpOAuthGrantAttributeMapping_accessTokenManagerMappings_attributeContractFulfillment_Username_source
Path: sp_idpConnections_items_aLGfLX1_K4VP6a3uGh33YOuZodG_idpOAuthGrantAttributeMapping_accessTokenManagerMappings_attributeContractFulfillment_OrgName
Path: sp_idpConnections_items_aLGfLX1_K4VP6a3uGh33YOuZodG_idpOAuthGrantAttributeMapping_accessTokenManagerMappings_attributeContractFulfillment_OrgName_source
Path: sp_idpConnections_items_aLGfLX1_K4VP6a3uGh33YOuZodG_idpOAuthGrantAttributeMapping_accessTokenManagerMappings_issuanceCriteria
Path: sp_idpConnections_items_aLGfLX1_K4VP6a3uGh33YOuZodG_idpOAuthGrantAttributeMapping_accessTokenManagerMappings_accessTokenManagerRef_jwt
Path: idp_spConnections
Path: idp_spConnections_items_IENFjGICXt3YsBKNxHSzkN28LWg
Path: idp_spConnections_items_IENFjGICXt3YsBKNxHSzkN28LWg_contactInfo
Path: idp_spConnections_items_IENFjGICXt3YsBKNxHSzkN28LWg_wsTrust
Path: idp_spConnections_items_IENFjGICXt3YsBKNxHSzkN28LWg_wsTrust_tokenProcessorMappings
Path: idp_spConnections_items_IENFjGICXt3YsBKNxHSzkN28LWg_wsTrust_tokenProcessorMappings_attributeContractFulfillment
Path: idp_spConnections_items_IENFjGICXt3YsBKNxHSzkN28LWg_wsTrust_tokenProcessorMappings_attributeContractFulfillment_TOKEN_SUBJECT
Path: idp_spConnections_items_IENFjGICXt3YsBKNxHSzkN28LWg_wsTrust_tokenProcessorMappings_attributeContractFulfillment_TOKEN_SUBJECT_source
Path: idp_spConnections_items_IENFjGICXt3YsBKNxHSzkN28LWg_wsTrust_tokenProcessorMappings_idpTokenProcessorRef_UsernameTokenProcessor
Path: idp_spConnections_items_IENFjGICXt3YsBKNxHSzkN28LWg_wsTrust_tokenProcessorMappings_issuanceCriteria
Path: idp_spConnections_items_IENFjGICXt3YsBKNxHSzkN28LWg_wsTrust_attributeContract
Path: idp_spConnections_items_IENFjGICXt3YsBKNxHSzkN28LWg_wsTrust_attributeContract_coreAttributes
Path: idp_spConnections_items_IENFjGICXt3YsBKNxHSzkN28LWg_credentials
Path: idp_spConnections_items_IENFjGICXt3YsBKNxHSzkN28LWg_credentials_signingSettings
Path: idp_spConnections_items_IENFjGICXt3YsBKNxHSzkN28LWg_credentials_signingSettings_signingKeyPairRef_devsigningcert
Path: idp_spConnections_items_gpFvXmhDHSRUSHWLZLZ_XBIU_YK
Path: idp_spConnections_items_gpFvXmhDHSRUSHWLZLZ_XBIU_YK_contactInfo
Path: idp_spConnections_items_gpFvXmhDHSRUSHWLZLZ_XBIU_YK_credentials
Path: idp_spConnections_items_gpFvXmhDHSRUSHWLZLZ_XBIU_YK_credentials_signingSettings
Path: idp_spConnections_items_gpFvXmhDHSRUSHWLZLZ_XBIU_YK_credentials_signingSettings_signingKeyPairRef_devsigningcert
Path: idp_spConnections_items_gpFvXmhDHSRUSHWLZLZ_XBIU_YK_spBrowserSso
Path: idp_spConnections_items_gpFvXmhDHSRUSHWLZLZ_XBIU_YK_spBrowserSso_authenticationPolicyContractAssertionMappings
Path: idp_spConnections_items_gpFvXmhDHSRUSHWLZLZ_XBIU_YK_spBrowserSso_authenticationPolicyContractAssertionMappings_authenticationPolicyContractRef_Zxp6N6W5PH9onACT
Path: idp_spConnections_items_gpFvXmhDHSRUSHWLZLZ_XBIU_YK_spBrowserSso_authenticationPolicyContractAssertionMappings_attributeContractFulfillment
Path: idp_spConnections_items_gpFvXmhDHSRUSHWLZLZ_XBIU_YK_spBrowserSso_authenticationPolicyContractAssertionMappings_attributeContractFulfillment_SAML_SUBJECT
Path: idp_spConnections_items_gpFvXmhDHSRUSHWLZLZ_XBIU_YK_spBrowserSso_authenticationPolicyContractAssertionMappings_attributeContractFulfillment_SAML_SUBJECT_source
Path: idp_spConnections_items_gpFvXmhDHSRUSHWLZLZ_XBIU_YK_spBrowserSso_authenticationPolicyContractAssertionMappings_issuanceCriteria
Path: idp_spConnections_items_gpFvXmhDHSRUSHWLZLZ_XBIU_YK_spBrowserSso_encryptionPolicy
Path: idp_spConnections_items_gpFvXmhDHSRUSHWLZLZ_XBIU_YK_spBrowserSso_ssoServiceEndpoints
Path: idp_spConnections_items_gpFvXmhDHSRUSHWLZLZ_XBIU_YK_spBrowserSso_assertionLifetime
Path: idp_spConnections_items_gpFvXmhDHSRUSHWLZLZ_XBIU_YK_spBrowserSso_attributeContract
Path: idp_spConnections_items_gpFvXmhDHSRUSHWLZLZ_XBIU_YK_spBrowserSso_attributeContract_coreAttributes
Path: session_settings
Path: session_settings_items
Path: session_applicationSessionPolicy
Path: session_applicationSessionPolicy_items
Path: session_authenticationSessionPolicies_global
Path: session_authenticationSessionPolicies_global_items
Path: oauth_authServerSettings
Path: oauth_authServerSettings_items
Path: oauth_authServerSettings_items_persistentGrantContract
Path: oauth_authServerSettings_items_persistentGrantContract_coreAttributes
Path: oauth_authServerSettings_items_persistentGrantContract_coreAttributes
Path: oauth_authServerSettings_items_scopes
Path: oauth_authServerSettings_items_scopes
Path: oauth_authServerSettings_items_scopes
Path: oauth_authServerSettings_items_scopes
Path: oauth_authServerSettings_items_scopes
Path: oauth_authServerSettings_items_scopes
Path: oauth_authServerSettings_items_scopes
Path: oauth_authServerSettings_items_exclusiveScopes
Path: oauth_authenticationPolicyContractMappings
Path: oauth_authenticationPolicyContractMappings_items_Zxp6N6W5PH9onACT
Path: oauth_authenticationPolicyContractMappings_items_Zxp6N6W5PH9onACT_authenticationPolicyContractRef_Zxp6N6W5PH9onACT
Path: oauth_authenticationPolicyContractMappings_items_Zxp6N6W5PH9onACT_attributeContractFulfillment
Path: oauth_authenticationPolicyContractMappings_items_Zxp6N6W5PH9onACT_attributeContractFulfillment_USER_NAME
Path: oauth_authenticationPolicyContractMappings_items_Zxp6N6W5PH9onACT_attributeContractFulfillment_USER_NAME_source
Path: oauth_authenticationPolicyContractMappings_items_Zxp6N6W5PH9onACT_attributeContractFulfillment_USER_KEY
Path: oauth_authenticationPolicyContractMappings_items_Zxp6N6W5PH9onACT_attributeContractFulfillment_USER_KEY_source
Path: oauth_authenticationPolicyContractMappings_items_Zxp6N6W5PH9onACT_issuanceCriteria
Path: oauth_resourceOwnerCredentialsMappings
Path: oauth_resourceOwnerCredentialsMappings_items_pingdirectory
Path: oauth_resourceOwnerCredentialsMappings_items_pingdirectory_passwordValidatorRef_pingdirectory
Path: oauth_resourceOwnerCredentialsMappings_items_pingdirectory_attributeContractFulfillment
Path: oauth_resourceOwnerCredentialsMappings_items_pingdirectory_attributeContractFulfillment_USER_KEY
Path: oauth_resourceOwnerCredentialsMappings_items_pingdirectory_attributeContractFulfillment_USER_KEY_source
Path: oauth_resourceOwnerCredentialsMappings_items_pingdirectory_issuanceCriteria
Path: oauth_cibaServerPolicy_settings
Path: oauth_cibaServerPolicy_settings_items
Path: oauth_openIdConnect_policies
Path: oauth_openIdConnect_policies_items_OAuthPlayground
Path: oauth_openIdConnect_policies_items_OAuthPlayground_attributeMapping
Path: oauth_openIdConnect_policies_items_OAuthPlayground_attributeMapping_attributeContractFulfillment
Path: oauth_openIdConnect_policies_items_OAuthPlayground_attributeMapping_attributeContractFulfillment_sub
Path: oauth_openIdConnect_policies_items_OAuthPlayground_attributeMapping_attributeContractFulfillment_sub_source
Path: oauth_openIdConnect_policies_items_OAuthPlayground_attributeMapping_attributeContractFulfillment_zoneinfo
Path: oauth_openIdConnect_policies_items_OAuthPlayground_attributeMapping_attributeContractFulfillment_zoneinfo_source
Path: oauth_openIdConnect_policies_items_OAuthPlayground_attributeMapping_attributeContractFulfillment_address.locality
Path: oauth_openIdConnect_policies_items_OAuthPlayground_attributeMapping_attributeContractFulfillment_address.locality_source
Path: oauth_openIdConnect_policies_items_OAuthPlayground_attributeMapping_attributeContractFulfillment_birthdate
Path: oauth_openIdConnect_policies_items_OAuthPlayground_attributeMapping_attributeContractFulfillment_birthdate_source
Path: oauth_openIdConnect_policies_items_OAuthPlayground_attributeMapping_attributeContractFulfillment_gender
Path: oauth_openIdConnect_policies_items_OAuthPlayground_attributeMapping_attributeContractFulfillment_gender_source
Path: oauth_openIdConnect_policies_items_OAuthPlayground_attributeMapping_attributeContractFulfillment_preferred_username
Path: oauth_openIdConnect_policies_items_OAuthPlayground_attributeMapping_attributeContractFulfillment_preferred_username_source
Path: oauth_openIdConnect_policies_items_OAuthPlayground_attributeMapping_attributeContractFulfillment_locale
Path: oauth_openIdConnect_policies_items_OAuthPlayground_attributeMapping_attributeContractFulfillment_locale_source
Path: oauth_openIdConnect_policies_items_OAuthPlayground_attributeMapping_attributeContractFulfillment_address.country
Path: oauth_openIdConnect_policies_items_OAuthPlayground_attributeMapping_attributeContractFulfillment_address.country_source
Path: oauth_openIdConnect_policies_items_OAuthPlayground_attributeMapping_attributeContractFulfillment_updated_at
Path: oauth_openIdConnect_policies_items_OAuthPlayground_attributeMapping_attributeContractFulfillment_updated_at_source
Path: oauth_openIdConnect_policies_items_OAuthPlayground_attributeMapping_attributeContractFulfillment_address.postal_code
Path: oauth_openIdConnect_policies_items_OAuthPlayground_attributeMapping_attributeContractFulfillment_address.postal_code_source
Path: oauth_openIdConnect_policies_items_OAuthPlayground_attributeMapping_attributeContractFulfillment_address.region
Path: oauth_openIdConnect_policies_items_OAuthPlayground_attributeMapping_attributeContractFulfillment_address.region_source
Path: oauth_openIdConnect_policies_items_OAuthPlayground_attributeMapping_attributeContractFulfillment_nickname
Path: oauth_openIdConnect_policies_items_OAuthPlayground_attributeMapping_attributeContractFulfillment_nickname_source
Path: oauth_openIdConnect_policies_items_OAuthPlayground_attributeMapping_attributeContractFulfillment_email
Path: oauth_openIdConnect_policies_items_OAuthPlayground_attributeMapping_attributeContractFulfillment_email_source
Path: oauth_openIdConnect_policies_items_OAuthPlayground_attributeMapping_attributeContractFulfillment_website
Path: oauth_openIdConnect_policies_items_OAuthPlayground_attributeMapping_attributeContractFulfillment_website_source
Path: oauth_openIdConnect_policies_items_OAuthPlayground_attributeMapping_attributeContractFulfillment_email_verified
Path: oauth_openIdConnect_policies_items_OAuthPlayground_attributeMapping_attributeContractFulfillment_email_verified_source
Path: oauth_openIdConnect_policies_items_OAuthPlayground_attributeMapping_attributeContractFulfillment_profile
Path: oauth_openIdConnect_policies_items_OAuthPlayground_attributeMapping_attributeContractFulfillment_profile_source
Path: oauth_openIdConnect_policies_items_OAuthPlayground_attributeMapping_attributeContractFulfillment_phone_number_verified
Path: oauth_openIdConnect_policies_items_OAuthPlayground_attributeMapping_attributeContractFulfillment_phone_number_verified_source
Path: oauth_openIdConnect_policies_items_OAuthPlayground_attributeMapping_attributeContractFulfillment_given_name
Path: oauth_openIdConnect_policies_items_OAuthPlayground_attributeMapping_attributeContractFulfillment_given_name_source
Path: oauth_openIdConnect_policies_items_OAuthPlayground_attributeMapping_attributeContractFulfillment_middle_name
Path: oauth_openIdConnect_policies_items_OAuthPlayground_attributeMapping_attributeContractFulfillment_middle_name_source
Path: oauth_openIdConnect_policies_items_OAuthPlayground_attributeMapping_attributeContractFulfillment_picture
Path: oauth_openIdConnect_policies_items_OAuthPlayground_attributeMapping_attributeContractFulfillment_picture_source
Path: oauth_openIdConnect_policies_items_OAuthPlayground_attributeMapping_attributeContractFulfillment_name
Path: oauth_openIdConnect_policies_items_OAuthPlayground_attributeMapping_attributeContractFulfillment_name_source
Path: oauth_openIdConnect_policies_items_OAuthPlayground_attributeMapping_attributeContractFulfillment_phone_number
Path: oauth_openIdConnect_policies_items_OAuthPlayground_attributeMapping_attributeContractFulfillment_phone_number_source
Path: oauth_openIdConnect_policies_items_OAuthPlayground_attributeMapping_attributeContractFulfillment_address.formatted
Path: oauth_openIdConnect_policies_items_OAuthPlayground_attributeMapping_attributeContractFulfillment_address.formatted_source
Path: oauth_openIdConnect_policies_items_OAuthPlayground_attributeMapping_attributeContractFulfillment_family_name
Path: oauth_openIdConnect_policies_items_OAuthPlayground_attributeMapping_attributeContractFulfillment_family_name_source
Path: oauth_openIdConnect_policies_items_OAuthPlayground_attributeMapping_attributeContractFulfillment_address.street_address
Path: oauth_openIdConnect_policies_items_OAuthPlayground_attributeMapping_attributeContractFulfillment_address.street_address_source
Path: oauth_openIdConnect_policies_items_OAuthPlayground_attributeMapping_issuanceCriteria
Path: oauth_openIdConnect_policies_items_OAuthPlayground_scopeAttributeMappings
Path: oauth_openIdConnect_policies_items_OAuthPlayground_attributeContract
Path: oauth_openIdConnect_policies_items_OAuthPlayground_attributeContract_coreAttributes
Path: oauth_openIdConnect_policies_items_OAuthPlayground_attributeContract_extendedAttributes
Path: oauth_openIdConnect_policies_items_OAuthPlayground_attributeContract_extendedAttributes
Path: oauth_openIdConnect_policies_items_OAuthPlayground_attributeContract_extendedAttributes
Path: oauth_openIdConnect_policies_items_OAuthPlayground_attributeContract_extendedAttributes
Path: oauth_openIdConnect_policies_items_OAuthPlayground_attributeContract_extendedAttributes
Path: oauth_openIdConnect_policies_items_OAuthPlayground_attributeContract_extendedAttributes
Path: oauth_openIdConnect_policies_items_OAuthPlayground_attributeContract_extendedAttributes
Path: oauth_openIdConnect_policies_items_OAuthPlayground_attributeContract_extendedAttributes
Path: oauth_openIdConnect_policies_items_OAuthPlayground_attributeContract_extendedAttributes
Path: oauth_openIdConnect_policies_items_OAuthPlayground_attributeContract_extendedAttributes
Path: oauth_openIdConnect_policies_items_OAuthPlayground_attributeContract_extendedAttributes
Path: oauth_openIdConnect_policies_items_OAuthPlayground_attributeContract_extendedAttributes
Path: oauth_openIdConnect_policies_items_OAuthPlayground_attributeContract_extendedAttributes
Path: oauth_openIdConnect_policies_items_OAuthPlayground_attributeContract_extendedAttributes
Path: oauth_openIdConnect_policies_items_OAuthPlayground_attributeContract_extendedAttributes
Path: oauth_openIdConnect_policies_items_OAuthPlayground_attributeContract_extendedAttributes
Path: oauth_openIdConnect_policies_items_OAuthPlayground_attributeContract_extendedAttributes
Path: oauth_openIdConnect_policies_items_OAuthPlayground_attributeContract_extendedAttributes
Path: oauth_openIdConnect_policies_items_OAuthPlayground_attributeContract_extendedAttributes
Path: oauth_openIdConnect_policies_items_OAuthPlayground_attributeContract_extendedAttributes
Path: oauth_openIdConnect_policies_items_OAuthPlayground_attributeContract_extendedAttributes
Path: oauth_openIdConnect_policies_items_OAuthPlayground_attributeContract_extendedAttributes
Path: oauth_openIdConnect_policies_items_OAuthPlayground_attributeContract_extendedAttributes
Path: oauth_openIdConnect_policies_items_OAuthPlayground_attributeContract_extendedAttributes
Path: oauth_openIdConnect_policies_items_OAuthPlayground_accessTokenManagerRef_jwt
Path: oauth_openIdConnect_policies_items_pingaccess
Path: oauth_openIdConnect_policies_items_pingaccess_attributeMapping
Path: oauth_openIdConnect_policies_items_pingaccess_attributeMapping_attributeContractFulfillment
Path: oauth_openIdConnect_policies_items_pingaccess_attributeMapping_attributeContractFulfillment_sub
Path: oauth_openIdConnect_policies_items_pingaccess_attributeMapping_attributeContractFulfillment_sub_source
Path: oauth_openIdConnect_policies_items_pingaccess_attributeMapping_issuanceCriteria
Path: oauth_openIdConnect_policies_items_pingaccess_scopeAttributeMappings
Path: oauth_openIdConnect_policies_items_pingaccess_attributeContract
Path: oauth_openIdConnect_policies_items_pingaccess_attributeContract_coreAttributes
Path: oauth_openIdConnect_policies_items_pingaccess_accessTokenManagerRef_jwt
Path: oauth_openIdConnect_policies_items_pingdelegator
Path: oauth_openIdConnect_policies_items_pingdelegator_attributeMapping
Path: oauth_openIdConnect_policies_items_pingdelegator_attributeMapping_attributeContractFulfillment
Path: oauth_openIdConnect_policies_items_pingdelegator_attributeMapping_attributeContractFulfillment_sub
Path: oauth_openIdConnect_policies_items_pingdelegator_attributeMapping_attributeContractFulfillment_sub_source
Path: oauth_openIdConnect_policies_items_pingdelegator_attributeMapping_issuanceCriteria
Path: oauth_openIdConnect_policies_items_pingdelegator_scopeAttributeMappings
Path: oauth_openIdConnect_policies_items_pingdelegator_attributeContract
Path: oauth_openIdConnect_policies_items_pingdelegator_attributeContract_coreAttributes
Path: oauth_openIdConnect_policies_items_pingdelegator_accessTokenManagerRef_jwt
Path: oauth_openIdConnect_settings
Path: oauth_openIdConnect_settings_items
Path: oauth_openIdConnect_settings_items_defaultPolicyRef_OAuthPlayground
Path: oauth_openIdConnect_settings_items_sessionSettings
Path: oauth_tokenExchange_processor_settings
Path: oauth_tokenExchange_processor_settings_items
Path: oauth_tokenExchange_generator_settings
Path: oauth_tokenExchange_generator_settings_items
Path: oauth_clientSettings
Path: oauth_clientSettings_items
Path: oauth_accessTokenMappings
Path: oauth_accessTokenMappings_items_authz_req_apc.Zxp6N6W5PH9onACT_jwt
Path: oauth_accessTokenMappings_items_authz_req_apc.Zxp6N6W5PH9onACT_jwt_context
Path: oauth_accessTokenMappings_items_authz_req_apc.Zxp6N6W5PH9onACT_jwt_context_contextRef_Zxp6N6W5PH9onACT
Path: oauth_accessTokenMappings_items_authz_req_apc.Zxp6N6W5PH9onACT_jwt_attributeContractFulfillment
Path: oauth_accessTokenMappings_items_authz_req_apc.Zxp6N6W5PH9onACT_jwt_attributeContractFulfillment_Username
Path: oauth_accessTokenMappings_items_authz_req_apc.Zxp6N6W5PH9onACT_jwt_attributeContractFulfillment_Username_source
Path: oauth_accessTokenMappings_items_authz_req_apc.Zxp6N6W5PH9onACT_jwt_attributeContractFulfillment_OrgName
Path: oauth_accessTokenMappings_items_authz_req_apc.Zxp6N6W5PH9onACT_jwt_attributeContractFulfillment_OrgName_source
Path: oauth_accessTokenMappings_items_authz_req_apc.Zxp6N6W5PH9onACT_jwt_issuanceCriteria
Path: oauth_accessTokenMappings_items_authz_req_apc.Zxp6N6W5PH9onACT_jwt_accessTokenManagerRef_jwt
Path: oauth_accessTokenMappings_items_password_pingdirectory_jwt
Path: oauth_accessTokenMappings_items_password_pingdirectory_jwt_context
Path: oauth_accessTokenMappings_items_password_pingdirectory_jwt_context_contextRef_pingdirectory
Path: oauth_accessTokenMappings_items_password_pingdirectory_jwt_attributeContractFulfillment
Path: oauth_accessTokenMappings_items_password_pingdirectory_jwt_attributeContractFulfillment_Username
Path: oauth_accessTokenMappings_items_password_pingdirectory_jwt_attributeContractFulfillment_Username_source
Path: oauth_accessTokenMappings_items_password_pingdirectory_jwt_attributeContractFulfillment_OrgName
Path: oauth_accessTokenMappings_items_password_pingdirectory_jwt_attributeContractFulfillment_OrgName_source
Path: oauth_accessTokenMappings_items_password_pingdirectory_jwt_issuanceCriteria
Path: oauth_accessTokenMappings_items_password_pingdirectory_jwt_accessTokenManagerRef_jwt
Path: authenticationApi_settings
Path: authenticationApi_settings_items
Path: authenticationPolicies_default
Path: authenticationPolicies_default_items
Path: authenticationPolicies_default_items_authnSelectionTrees
Path: authenticationPolicies_default_items_authnSelectionTrees_rootNode
Path: authenticationPolicies_default_items_authnSelectionTrees_rootNode_children
Path: authenticationPolicies_default_items_authnSelectionTrees_rootNode_children_action
Path: authenticationPolicies_default_items_authnSelectionTrees_rootNode_children
Path: authenticationPolicies_default_items_authnSelectionTrees_rootNode_children_action
Path: authenticationPolicies_default_items_authnSelectionTrees_rootNode_children_action_localIdentityRef_RBSQIwi5KWYN9ZGK
Path: authenticationPolicies_default_items_authnSelectionTrees_rootNode_children_action_inboundMapping
Path: authenticationPolicies_default_items_authnSelectionTrees_rootNode_children_action_inboundMapping_attributeContractFulfillment
Path: authenticationPolicies_default_items_authnSelectionTrees_rootNode_children_action_inboundMapping_attributeContractFulfillment_pf.local.identity.unique.id
Path: authenticationPolicies_default_items_authnSelectionTrees_rootNode_children_action_inboundMapping_attributeContractFulfillment_pf.local.identity.unique.id_source_HTMLFormPD
Path: authenticationPolicies_default_items_authnSelectionTrees_rootNode_children_action_inboundMapping_issuanceCriteria
Path: authenticationPolicies_default_items_authnSelectionTrees_rootNode_children_action_outboundAttributeMapping
Path: authenticationPolicies_default_items_authnSelectionTrees_rootNode_children_action_outboundAttributeMapping_attributeContractFulfillment
Path: authenticationPolicies_default_items_authnSelectionTrees_rootNode_children_action_outboundAttributeMapping_attributeContractFulfillment_mail
Path: authenticationPolicies_default_items_authnSelectionTrees_rootNode_children_action_outboundAttributeMapping_attributeContractFulfillment_mail_source_RBSQIwi5KWYN9ZGK
Path: authenticationPolicies_default_items_authnSelectionTrees_rootNode_children_action_outboundAttributeMapping_attributeContractFulfillment_subject
Path: authenticationPolicies_default_items_authnSelectionTrees_rootNode_children_action_outboundAttributeMapping_attributeContractFulfillment_subject_source_RBSQIwi5KWYN9ZGK
Path: authenticationPolicies_default_items_authnSelectionTrees_rootNode_children_action_outboundAttributeMapping_issuanceCriteria
Path: authenticationPolicies_default_items_authnSelectionTrees_rootNode_action
Path: authenticationPolicies_default_items_authnSelectionTrees_rootNode_action_authenticationSource
Path: authenticationPolicies_default_items_authnSelectionTrees_rootNode_action_authenticationSource_sourceRef_HTMLFormPD
Path: authenticationPolicies_settings
Path: authenticationPolicies_settings_items
